{"D:\\Y3S2WE35-CSSE\\waste_management\\backend\\controllers\\specialCollectionController.js": {"path":"D:\\Y3S2WE35-CSSE\\waste_management\\backend\\controllers\\specialCollectionController.js","statementMap":{"0":{"start":{"line":1,"column":26},"end":{"line":1,"column":69}},"1":{"start":{"line":3,"column":19},"end":{"line":7,"column":1}},"2":{"start":{"line":8,"column":19},"end":{"line":8,"column":20}},"3":{"start":{"line":12,"column":26},"end":{"line":43,"column":1}},"4":{"start":{"line":13,"column":21},"end":{"line":13,"column":30}},"5":{"start":{"line":14,"column":4},"end":{"line":16,"column":5}},"6":{"start":{"line":15,"column":8},"end":{"line":15,"column":69}},"7":{"start":{"line":18,"column":4},"end":{"line":42,"column":5}},"8":{"start":{"line":19,"column":29},"end":{"line":19,"column":43}},"9":{"start":{"line":22,"column":27},"end":{"line":22,"column":73}},"10":{"start":{"line":23,"column":25},"end":{"line":23,"column":76}},"11":{"start":{"line":26,"column":31},"end":{"line":28,"column":10}},"12":{"start":{"line":30,"column":31},"end":{"line":30,"column":33}},"13":{"start":{"line":31,"column":8},"end":{"line":36,"column":11}},"14":{"start":{"line":32,"column":35},"end":{"line":32,"column":101}},"15":{"start":{"line":32,"column":68},"end":{"line":32,"column":93}},"16":{"start":{"line":33,"column":12},"end":{"line":35,"column":13}},"17":{"start":{"line":34,"column":16},"end":{"line":34,"column":42}},"18":{"start":{"line":38,"column":8},"end":{"line":38,"column":33}},"19":{"start":{"line":41,"column":8},"end":{"line":41,"column":58}},"20":{"start":{"line":47,"column":23},"end":{"line":74,"column":1}},"21":{"start":{"line":49,"column":90},"end":{"line":49,"column":98}},"22":{"start":{"line":52,"column":4},"end":{"line":54,"column":5}},"23":{"start":{"line":53,"column":8},"end":{"line":53,"column":87}},"24":{"start":{"line":56,"column":4},"end":{"line":73,"column":5}},"25":{"start":{"line":57,"column":28},"end":{"line":66,"column":10}},"26":{"start":{"line":68,"column":32},"end":{"line":68,"column":56}},"27":{"start":{"line":69,"column":8},"end":{"line":69,"column":46}},"28":{"start":{"line":72,"column":8},"end":{"line":72,"column":71}},"29":{"start":{"line":78,"column":24},"end":{"line":88,"column":1}},"30":{"start":{"line":79,"column":4},"end":{"line":87,"column":5}},"31":{"start":{"line":80,"column":26},"end":{"line":82,"column":31}},"32":{"start":{"line":84,"column":8},"end":{"line":84,"column":28}},"33":{"start":{"line":86,"column":8},"end":{"line":86,"column":58}},"34":{"start":{"line":92,"column":23},"end":{"line":101,"column":1}},"35":{"start":{"line":93,"column":4},"end":{"line":100,"column":5}},"36":{"start":{"line":94,"column":26},"end":{"line":95,"column":31}},"37":{"start":{"line":97,"column":8},"end":{"line":97,"column":28}},"38":{"start":{"line":99,"column":8},"end":{"line":99,"column":58}},"39":{"start":{"line":103,"column":0},"end":{"line":108,"column":2}}},"fnMap":{"0":{"name":"(anonymous_0)","decl":{"start":{"line":12,"column":26},"end":{"line":12,"column":27}},"loc":{"start":{"line":12,"column":46},"end":{"line":43,"column":1}},"line":12},"1":{"name":"(anonymous_1)","decl":{"start":{"line":31,"column":27},"end":{"line":31,"column":28}},"loc":{"start":{"line":31,"column":35},"end":{"line":36,"column":9}},"line":31},"2":{"name":"(anonymous_2)","decl":{"start":{"line":32,"column":57},"end":{"line":32,"column":58}},"loc":{"start":{"line":32,"column":68},"end":{"line":32,"column":93}},"line":32},"3":{"name":"(anonymous_3)","decl":{"start":{"line":47,"column":23},"end":{"line":47,"column":24}},"loc":{"start":{"line":47,"column":43},"end":{"line":74,"column":1}},"line":47},"4":{"name":"(anonymous_4)","decl":{"start":{"line":78,"column":24},"end":{"line":78,"column":25}},"loc":{"start":{"line":78,"column":44},"end":{"line":88,"column":1}},"line":78},"5":{"name":"(anonymous_5)","decl":{"start":{"line":92,"column":23},"end":{"line":92,"column":24}},"loc":{"start":{"line":92,"column":43},"end":{"line":101,"column":1}},"line":92}},"branchMap":{"0":{"loc":{"start":{"line":14,"column":4},"end":{"line":16,"column":5}},"type":"if","locations":[{"start":{"line":14,"column":4},"end":{"line":16,"column":5}},{"start":{},"end":{}}],"line":14},"1":{"loc":{"start":{"line":33,"column":12},"end":{"line":35,"column":13}},"type":"if","locations":[{"start":{"line":33,"column":12},"end":{"line":35,"column":13}},{"start":{},"end":{}}],"line":33},"2":{"loc":{"start":{"line":52,"column":4},"end":{"line":54,"column":5}},"type":"if","locations":[{"start":{"line":52,"column":4},"end":{"line":54,"column":5}},{"start":{},"end":{}}],"line":52},"3":{"loc":{"start":{"line":52,"column":8},"end":{"line":52,"column":91}},"type":"binary-expr","locations":[{"start":{"line":52,"column":8},"end":{"line":52,"column":15}},{"start":{"line":52,"column":19},"end":{"line":52,"column":24}},{"start":{"line":52,"column":28},"end":{"line":52,"column":37}},{"start":{"line":52,"column":41},"end":{"line":52,"column":51}},{"start":{"line":52,"column":55},"end":{"line":52,"column":64}},{"start":{"line":52,"column":68},"end":{"line":52,"column":75}},{"start":{"line":52,"column":79},"end":{"line":52,"column":91}}],"line":52}},"s":{"0":1,"1":1,"2":1,"3":1,"4":4,"5":4,"6":1,"7":3,"8":3,"9":3,"10":3,"11":3,"12":2,"13":2,"14":6,"15":48,"16":6,"17":3,"18":2,"19":1,"20":1,"21":3,"22":3,"23":1,"24":2,"25":2,"26":2,"27":1,"28":1,"29":1,"30":2,"31":2,"32":1,"33":1,"34":1,"35":2,"36":2,"37":1,"38":1,"39":1},"f":{"0":4,"1":6,"2":48,"3":3,"4":2,"5":2},"b":{"0":[1,3],"1":[3,3],"2":[1,2],"3":[3,3,3,2,2,2,2]},"_coverageSchema":"1a1c01bbd47fc00a2c39e90264f33305004495a9","hash":"b23816c68ccc7cf8dee25e5ec3de6b19b16a5abd"}
,"D:\\Y3S2WE35-CSSE\\waste_management\\backend\\models\\specialCollectionModel.js": {"path":"D:\\Y3S2WE35-CSSE\\waste_management\\backend\\models\\specialCollectionModel.js","statementMap":{"0":{"start":{"line":1,"column":17},"end":{"line":1,"column":36}},"1":{"start":{"line":3,"column":32},"end":{"line":53,"column":1}},"2":{"start":{"line":55,"column":26},"end":{"line":55,"column":86}},"3":{"start":{"line":57,"column":0},"end":{"line":57,"column":35}}},"fnMap":{},"branchMap":{},"s":{"0":1,"1":1,"2":1,"3":1},"f":{},"b":{},"_coverageSchema":"1a1c01bbd47fc00a2c39e90264f33305004495a9","hash":"8d3ef0e814f2aeaabf47b54cd10b11cbb0f424b2"}
,"D:\\Y3S2WE35-CSSE\\waste_management\\backend\\routes\\specialCollectionRoutes.js": {"path":"D:\\Y3S2WE35-CSSE\\waste_management\\backend\\routes\\specialCollectionRoutes.js","statementMap":{"0":{"start":{"line":1,"column":16},"end":{"line":1,"column":34}},"1":{"start":{"line":2,"column":15},"end":{"line":2,"column":31}},"2":{"start":{"line":8,"column":4},"end":{"line":8,"column":57}},"3":{"start":{"line":11,"column":0},"end":{"line":11,"column":47}},"4":{"start":{"line":14,"column":0},"end":{"line":14,"column":33}},"5":{"start":{"line":16,"column":0},"end":{"line":16,"column":36}},"6":{"start":{"line":19,"column":0},"end":{"line":19,"column":52}},"7":{"start":{"line":21,"column":0},"end":{"line":21,"column":24}}},"fnMap":{},"branchMap":{},"s":{"0":1,"1":1,"2":1,"3":1,"4":1,"5":1,"6":1,"7":1},"f":{},"b":{},"_coverageSchema":"1a1c01bbd47fc00a2c39e90264f33305004495a9","hash":"74a3fc6be638e86aeb8fbea40895f5d49920d8a4"}
}
