{"/Users/chaveensewni/Desktop/Y3S2/CHAW/CSSE LAB/Assignment 2/Y3S2WE35-CSSE/waste_management/backend/controllers/binController.js": {"path":"/Users/chaveensewni/Desktop/Y3S2/CHAW/CSSE LAB/Assignment 2/Y3S2WE35-CSSE/waste_management/backend/controllers/binController.js","statementMap":{"0":{"start":{"line":1,"column":12},"end":{"line":1,"column":41}},"1":{"start":{"line":2,"column":15},"end":{"line":2,"column":32}},"2":{"start":{"line":3,"column":13},"end":{"line":3,"column":43}},"3":{"start":{"line":4,"column":10},"end":{"line":4,"column":28}},"4":{"start":{"line":8,"column":18},"end":{"line":42,"column":1}},"5":{"start":{"line":9,"column":61},"end":{"line":9,"column":69}},"6":{"start":{"line":11,"column":4},"end":{"line":41,"column":5}},"7":{"start":{"line":13,"column":21},"end":{"line":13,"column":48}},"8":{"start":{"line":14,"column":8},"end":{"line":16,"column":9}},"9":{"start":{"line":15,"column":12},"end":{"line":15,"column":71}},"10":{"start":{"line":19,"column":23},"end":{"line":19,"column":85}},"11":{"start":{"line":21,"column":20},"end":{"line":28,"column":10}},"12":{"start":{"line":30,"column":27},"end":{"line":30,"column":43}},"13":{"start":{"line":33,"column":28},"end":{"line":33,"column":58}},"14":{"start":{"line":35,"column":8},"end":{"line":38,"column":11}},"15":{"start":{"line":40,"column":8},"end":{"line":40,"column":82}},"16":{"start":{"line":46,"column":16},"end":{"line":55,"column":1}},"17":{"start":{"line":47,"column":4},"end":{"line":54,"column":5}},"18":{"start":{"line":48,"column":21},"end":{"line":50,"column":36}},"19":{"start":{"line":51,"column":8},"end":{"line":51,"column":23}},"20":{"start":{"line":53,"column":8},"end":{"line":53,"column":58}},"21":{"start":{"line":59,"column":22},"end":{"line":72,"column":1}},"22":{"start":{"line":60,"column":4},"end":{"line":71,"column":5}},"23":{"start":{"line":61,"column":21},"end":{"line":62,"column":36}},"24":{"start":{"line":64,"column":8},"end":{"line":67,"column":11}},"25":{"start":{"line":69,"column":8},"end":{"line":69,"column":36}},"26":{"start":{"line":70,"column":8},"end":{"line":70,"column":27}},"27":{"start":{"line":76,"column":19},"end":{"line":95,"column":1}},"28":{"start":{"line":77,"column":4},"end":{"line":94,"column":5}},"29":{"start":{"line":78,"column":20},"end":{"line":79,"column":46}},"30":{"start":{"line":81,"column":8},"end":{"line":83,"column":9}},"31":{"start":{"line":82,"column":12},"end":{"line":82,"column":70}},"32":{"start":{"line":86,"column":28},"end":{"line":86,"column":62}},"33":{"start":{"line":88,"column":8},"end":{"line":91,"column":11}},"34":{"start":{"line":93,"column":8},"end":{"line":93,"column":59}},"35":{"start":{"line":99,"column":23},"end":{"line":125,"column":1}},"36":{"start":{"line":100,"column":4},"end":{"line":124,"column":5}},"37":{"start":{"line":101,"column":20},"end":{"line":102,"column":46}},"38":{"start":{"line":104,"column":8},"end":{"line":106,"column":9}},"39":{"start":{"line":105,"column":12},"end":{"line":105,"column":70}},"40":{"start":{"line":108,"column":28},"end":{"line":108,"column":62}},"41":{"start":{"line":110,"column":8},"end":{"line":121,"column":11}},"42":{"start":{"line":123,"column":8},"end":{"line":123,"column":70}},"43":{"start":{"line":129,"column":18},"end":{"line":150,"column":1}},"44":{"start":{"line":130,"column":63},"end":{"line":130,"column":71}},"45":{"start":{"line":132,"column":4},"end":{"line":149,"column":5}},"46":{"start":{"line":133,"column":20},"end":{"line":133,"column":53}},"47":{"start":{"line":135,"column":8},"end":{"line":146,"column":9}},"48":{"start":{"line":136,"column":12},"end":{"line":136,"column":52}},"49":{"start":{"line":137,"column":12},"end":{"line":137,"column":49}},"50":{"start":{"line":138,"column":12},"end":{"line":138,"column":52}},"51":{"start":{"line":139,"column":12},"end":{"line":139,"column":76}},"52":{"start":{"line":140,"column":12},"end":{"line":140,"column":49}},"53":{"start":{"line":142,"column":31},"end":{"line":142,"column":47}},"54":{"start":{"line":143,"column":12},"end":{"line":143,"column":33}},"55":{"start":{"line":145,"column":12},"end":{"line":145,"column":63}},"56":{"start":{"line":148,"column":8},"end":{"line":148,"column":64}},"57":{"start":{"line":154,"column":18},"end":{"line":167,"column":1}},"58":{"start":{"line":155,"column":4},"end":{"line":166,"column":5}},"59":{"start":{"line":156,"column":20},"end":{"line":156,"column":53}},"60":{"start":{"line":158,"column":8},"end":{"line":163,"column":9}},"61":{"start":{"line":159,"column":12},"end":{"line":159,"column":34}},"62":{"start":{"line":160,"column":12},"end":{"line":160,"column":62}},"63":{"start":{"line":162,"column":12},"end":{"line":162,"column":63}},"64":{"start":{"line":165,"column":8},"end":{"line":165,"column":58}},"65":{"start":{"line":171,"column":24},"end":{"line":197,"column":1}},"66":{"start":{"line":172,"column":4},"end":{"line":196,"column":5}},"67":{"start":{"line":173,"column":23},"end":{"line":173,"column":40}},"68":{"start":{"line":175,"column":21},"end":{"line":175,"column":53}},"69":{"start":{"line":176,"column":26},"end":{"line":176,"column":37}},"70":{"start":{"line":177,"column":27},"end":{"line":177,"column":66}},"71":{"start":{"line":177,"column":46},"end":{"line":177,"column":58}},"72":{"start":{"line":179,"column":29},"end":{"line":179,"column":31}},"73":{"start":{"line":180,"column":8},"end":{"line":185,"column":11}},"74":{"start":{"line":181,"column":12},"end":{"line":183,"column":13}},"75":{"start":{"line":182,"column":16},"end":{"line":182,"column":46}},"76":{"start":{"line":184,"column":12},"end":{"line":184,"column":40}},"77":{"start":{"line":187,"column":8},"end":{"line":193,"column":11}},"78":{"start":{"line":192,"column":53},"end":{"line":192,"column":71}},"79":{"start":{"line":195,"column":8},"end":{"line":195,"column":58}},"80":{"start":{"line":199,"column":0},"end":{"line":208,"column":2}}},"fnMap":{"0":{"name":"(anonymous_0)","decl":{"start":{"line":8,"column":18},"end":{"line":8,"column":19}},"loc":{"start":{"line":8,"column":38},"end":{"line":42,"column":1}},"line":8},"1":{"name":"(anonymous_1)","decl":{"start":{"line":46,"column":16},"end":{"line":46,"column":17}},"loc":{"start":{"line":46,"column":36},"end":{"line":55,"column":1}},"line":46},"2":{"name":"(anonymous_2)","decl":{"start":{"line":59,"column":22},"end":{"line":59,"column":23}},"loc":{"start":{"line":59,"column":42},"end":{"line":72,"column":1}},"line":59},"3":{"name":"(anonymous_3)","decl":{"start":{"line":76,"column":19},"end":{"line":76,"column":20}},"loc":{"start":{"line":76,"column":39},"end":{"line":95,"column":1}},"line":76},"4":{"name":"(anonymous_4)","decl":{"start":{"line":99,"column":23},"end":{"line":99,"column":24}},"loc":{"start":{"line":99,"column":43},"end":{"line":125,"column":1}},"line":99},"5":{"name":"(anonymous_5)","decl":{"start":{"line":129,"column":18},"end":{"line":129,"column":19}},"loc":{"start":{"line":129,"column":38},"end":{"line":150,"column":1}},"line":129},"6":{"name":"(anonymous_6)","decl":{"start":{"line":154,"column":18},"end":{"line":154,"column":19}},"loc":{"start":{"line":154,"column":38},"end":{"line":167,"column":1}},"line":154},"7":{"name":"(anonymous_7)","decl":{"start":{"line":171,"column":24},"end":{"line":171,"column":25}},"loc":{"start":{"line":171,"column":44},"end":{"line":197,"column":1}},"line":171},"8":{"name":"(anonymous_8)","decl":{"start":{"line":177,"column":39},"end":{"line":177,"column":40}},"loc":{"start":{"line":177,"column":46},"end":{"line":177,"column":58}},"line":177},"9":{"name":"(anonymous_9)","decl":{"start":{"line":180,"column":21},"end":{"line":180,"column":22}},"loc":{"start":{"line":180,"column":28},"end":{"line":185,"column":9}},"line":180},"10":{"name":"(anonymous_10)","decl":{"start":{"line":192,"column":39},"end":{"line":192,"column":40}},"loc":{"start":{"line":192,"column":53},"end":{"line":192,"column":71}},"line":192}},"branchMap":{"0":{"loc":{"start":{"line":14,"column":8},"end":{"line":16,"column":9}},"type":"if","locations":[{"start":{"line":14,"column":8},"end":{"line":16,"column":9}},{"start":{},"end":{}}],"line":14},"1":{"loc":{"start":{"line":27,"column":21},"end":{"line":27,"column":48}},"type":"binary-expr","locations":[{"start":{"line":27,"column":21},"end":{"line":27,"column":28}},{"start":{"line":27,"column":32},"end":{"line":27,"column":48}}],"line":27},"2":{"loc":{"start":{"line":81,"column":8},"end":{"line":83,"column":9}},"type":"if","locations":[{"start":{"line":81,"column":8},"end":{"line":83,"column":9}},{"start":{},"end":{}}],"line":81},"3":{"loc":{"start":{"line":104,"column":8},"end":{"line":106,"column":9}},"type":"if","locations":[{"start":{"line":104,"column":8},"end":{"line":106,"column":9}},{"start":{},"end":{}}],"line":104},"4":{"loc":{"start":{"line":135,"column":8},"end":{"line":146,"column":9}},"type":"if","locations":[{"start":{"line":135,"column":8},"end":{"line":146,"column":9}},{"start":{"line":144,"column":15},"end":{"line":146,"column":9}}],"line":135},"5":{"loc":{"start":{"line":136,"column":27},"end":{"line":136,"column":51}},"type":"binary-expr","locations":[{"start":{"line":136,"column":27},"end":{"line":136,"column":35}},{"start":{"line":136,"column":39},"end":{"line":136,"column":51}}],"line":136},"6":{"loc":{"start":{"line":137,"column":26},"end":{"line":137,"column":48}},"type":"binary-expr","locations":[{"start":{"line":137,"column":26},"end":{"line":137,"column":33}},{"start":{"line":137,"column":37},"end":{"line":137,"column":48}}],"line":137},"7":{"loc":{"start":{"line":138,"column":27},"end":{"line":138,"column":51}},"type":"binary-expr","locations":[{"start":{"line":138,"column":27},"end":{"line":138,"column":35}},{"start":{"line":138,"column":39},"end":{"line":138,"column":51}}],"line":138},"8":{"loc":{"start":{"line":139,"column":27},"end":{"line":139,"column":75}},"type":"cond-expr","locations":[{"start":{"line":139,"column":52},"end":{"line":139,"column":60}},{"start":{"line":139,"column":63},"end":{"line":139,"column":75}}],"line":139},"9":{"loc":{"start":{"line":140,"column":26},"end":{"line":140,"column":48}},"type":"binary-expr","locations":[{"start":{"line":140,"column":26},"end":{"line":140,"column":33}},{"start":{"line":140,"column":37},"end":{"line":140,"column":48}}],"line":140},"10":{"loc":{"start":{"line":158,"column":8},"end":{"line":163,"column":9}},"type":"if","locations":[{"start":{"line":158,"column":8},"end":{"line":163,"column":9}},{"start":{"line":161,"column":15},"end":{"line":163,"column":9}}],"line":158},"11":{"loc":{"start":{"line":181,"column":12},"end":{"line":183,"column":13}},"type":"if","locations":[{"start":{"line":181,"column":12},"end":{"line":183,"column":13}},{"start":{},"end":{}}],"line":181}},"s":{"0":1,"1":1,"2":1,"3":1,"4":1,"5":2,"6":2,"7":2,"8":2,"9":1,"10":1,"11":1,"12":1,"13":1,"14":1,"15":0,"16":1,"17":1,"18":1,"19":1,"20":0,"21":1,"22":2,"23":2,"24":2,"25":0,"26":0,"27":1,"28":2,"29":2,"30":2,"31":1,"32":1,"33":1,"34":0,"35":1,"36":2,"37":2,"38":2,"39":1,"40":1,"41":1,"42":0,"43":1,"44":0,"45":0,"46":0,"47":0,"48":0,"49":0,"50":0,"51":0,"52":0,"53":0,"54":0,"55":0,"56":0,"57":1,"58":0,"59":0,"60":0,"61":0,"62":0,"63":0,"64":0,"65":1,"66":0,"67":0,"68":0,"69":0,"70":0,"71":0,"72":0,"73":0,"74":0,"75":0,"76":0,"77":0,"78":0,"79":0,"80":1},"f":{"0":2,"1":1,"2":2,"3":2,"4":2,"5":0,"6":0,"7":0,"8":0,"9":0,"10":0},"b":{"0":[1,1],"1":[1,0],"2":[1,1],"3":[1,1],"4":[0,0],"5":[0,0],"6":[0,0],"7":[0,0],"8":[0,0],"9":[0,0],"10":[0,0],"11":[0,0]},"_coverageSchema":"1a1c01bbd47fc00a2c39e90264f33305004495a9","hash":"abbacd821680ff563203bc25cb27994d432291b2"}
,"/Users/chaveensewni/Desktop/Y3S2/CHAW/CSSE LAB/Assignment 2/Y3S2WE35-CSSE/waste_management/backend/controllers/collectionController.js": {"path":"/Users/chaveensewni/Desktop/Y3S2/CHAW/CSSE LAB/Assignment 2/Y3S2WE35-CSSE/waste_management/backend/controllers/collectionController.js","statementMap":{"0":{"start":{"line":1,"column":27},"end":{"line":1,"column":71}},"1":{"start":{"line":2,"column":12},"end":{"line":2,"column":41}},"2":{"start":{"line":6,"column":25},"end":{"line":64,"column":1}},"3":{"start":{"line":7,"column":4},"end":{"line":63,"column":5}},"4":{"start":{"line":8,"column":76},"end":{"line":8,"column":84}},"5":{"start":{"line":11,"column":8},"end":{"line":16,"column":9}},"6":{"start":{"line":12,"column":12},"end":{"line":15,"column":15}},"7":{"start":{"line":19,"column":8},"end":{"line":24,"column":9}},"8":{"start":{"line":20,"column":12},"end":{"line":23,"column":15}},"9":{"start":{"line":27,"column":21},"end":{"line":30,"column":10}},"10":{"start":{"line":32,"column":8},"end":{"line":37,"column":9}},"11":{"start":{"line":33,"column":12},"end":{"line":36,"column":15}},"12":{"start":{"line":39,"column":27},"end":{"line":45,"column":10}},"13":{"start":{"line":47,"column":32},"end":{"line":47,"column":55}},"14":{"start":{"line":50,"column":8},"end":{"line":50,"column":84}},"15":{"start":{"line":52,"column":8},"end":{"line":55,"column":11}},"16":{"start":{"line":57,"column":8},"end":{"line":57,"column":59}},"17":{"start":{"line":58,"column":8},"end":{"line":62,"column":11}},"18":{"start":{"line":68,"column":23},"end":{"line":86,"column":1}},"19":{"start":{"line":69,"column":4},"end":{"line":85,"column":5}},"20":{"start":{"line":70,"column":28},"end":{"line":73,"column":40}},"21":{"start":{"line":75,"column":8},"end":{"line":78,"column":11}},"22":{"start":{"line":80,"column":8},"end":{"line":80,"column":59}},"23":{"start":{"line":81,"column":8},"end":{"line":84,"column":11}},"24":{"start":{"line":90,"column":29},"end":{"line":123,"column":1}},"25":{"start":{"line":91,"column":4},"end":{"line":122,"column":5}},"26":{"start":{"line":92,"column":49},"end":{"line":92,"column":58}},"27":{"start":{"line":93,"column":21},"end":{"line":93,"column":39}},"28":{"start":{"line":95,"column":20},"end":{"line":95,"column":47}},"29":{"start":{"line":96,"column":8},"end":{"line":96,"column":42}},"30":{"start":{"line":96,"column":20},"end":{"line":96,"column":42}},"31":{"start":{"line":98,"column":28},"end":{"line":102,"column":35}},"32":{"start":{"line":104,"column":22},"end":{"line":104,"column":68}},"33":{"start":{"line":106,"column":8},"end":{"line":115,"column":11}},"34":{"start":{"line":117,"column":8},"end":{"line":117,"column":64}},"35":{"start":{"line":118,"column":8},"end":{"line":121,"column":11}},"36":{"start":{"line":127,"column":29},"end":{"line":173,"column":1}},"37":{"start":{"line":128,"column":4},"end":{"line":172,"column":5}},"38":{"start":{"line":129,"column":23},"end":{"line":129,"column":40}},"39":{"start":{"line":131,"column":28},"end":{"line":132,"column":57}},"40":{"start":{"line":134,"column":24},"end":{"line":149,"column":9}},"41":{"start":{"line":136,"column":47},"end":{"line":136,"column":71}},"42":{"start":{"line":137,"column":45},"end":{"line":137,"column":69}},"43":{"start":{"line":138,"column":48},"end":{"line":138,"column":74}},"44":{"start":{"line":139,"column":46},"end":{"line":139,"column":69}},"45":{"start":{"line":140,"column":47},"end":{"line":140,"column":71}},"46":{"start":{"line":142,"column":16},"end":{"line":143,"column":54}},"47":{"start":{"line":147,"column":32},"end":{"line":147,"column":77}},"48":{"start":{"line":152,"column":8},"end":{"line":160,"column":11}},"49":{"start":{"line":153,"column":12},"end":{"line":159,"column":15}},"50":{"start":{"line":154,"column":32},"end":{"line":154,"column":57}},"51":{"start":{"line":155,"column":16},"end":{"line":157,"column":17}},"52":{"start":{"line":156,"column":20},"end":{"line":156,"column":51}},"53":{"start":{"line":158,"column":16},"end":{"line":158,"column":45}},"54":{"start":{"line":162,"column":8},"end":{"line":165,"column":11}},"55":{"start":{"line":167,"column":8},"end":{"line":167,"column":66}},"56":{"start":{"line":168,"column":8},"end":{"line":171,"column":11}},"57":{"start":{"line":177,"column":25},"end":{"line":217,"column":1}},"58":{"start":{"line":178,"column":4},"end":{"line":216,"column":5}},"59":{"start":{"line":179,"column":82},"end":{"line":179,"column":90}},"60":{"start":{"line":181,"column":27},"end":{"line":181,"column":75}},"61":{"start":{"line":183,"column":8},"end":{"line":209,"column":9}},"62":{"start":{"line":184,"column":12},"end":{"line":184,"column":81}},"63":{"start":{"line":185,"column":12},"end":{"line":185,"column":66}},"64":{"start":{"line":186,"column":12},"end":{"line":186,"column":60}},"65":{"start":{"line":187,"column":12},"end":{"line":187,"column":72}},"66":{"start":{"line":188,"column":12},"end":{"line":188,"column":57}},"67":{"start":{"line":189,"column":12},"end":{"line":189,"column":69}},"68":{"start":{"line":192,"column":12},"end":{"line":194,"column":13}},"69":{"start":{"line":193,"column":16},"end":{"line":193,"column":52}},"70":{"start":{"line":196,"column":38},"end":{"line":196,"column":61}},"71":{"start":{"line":197,"column":12},"end":{"line":197,"column":90}},"72":{"start":{"line":198,"column":12},"end":{"line":198,"column":75}},"73":{"start":{"line":200,"column":12},"end":{"line":203,"column":15}},"74":{"start":{"line":205,"column":12},"end":{"line":208,"column":15}},"75":{"start":{"line":211,"column":8},"end":{"line":211,"column":59}},"76":{"start":{"line":212,"column":8},"end":{"line":215,"column":11}},"77":{"start":{"line":221,"column":25},"end":{"line":244,"column":1}},"78":{"start":{"line":222,"column":4},"end":{"line":243,"column":5}},"79":{"start":{"line":223,"column":27},"end":{"line":223,"column":75}},"80":{"start":{"line":225,"column":8},"end":{"line":236,"column":9}},"81":{"start":{"line":226,"column":12},"end":{"line":226,"column":41}},"82":{"start":{"line":227,"column":12},"end":{"line":230,"column":15}},"83":{"start":{"line":232,"column":12},"end":{"line":235,"column":15}},"84":{"start":{"line":238,"column":8},"end":{"line":238,"column":59}},"85":{"start":{"line":239,"column":8},"end":{"line":242,"column":11}},"86":{"start":{"line":248,"column":31},"end":{"line":272,"column":1}},"87":{"start":{"line":249,"column":4},"end":{"line":271,"column":5}},"88":{"start":{"line":250,"column":23},"end":{"line":250,"column":40}},"89":{"start":{"line":252,"column":36},"end":{"line":259,"column":17}},"90":{"start":{"line":261,"column":8},"end":{"line":264,"column":11}},"91":{"start":{"line":266,"column":8},"end":{"line":266,"column":68}},"92":{"start":{"line":267,"column":8},"end":{"line":270,"column":11}},"93":{"start":{"line":274,"column":0},"end":{"line":282,"column":2}}},"fnMap":{"0":{"name":"(anonymous_0)","decl":{"start":{"line":6,"column":25},"end":{"line":6,"column":26}},"loc":{"start":{"line":6,"column":45},"end":{"line":64,"column":1}},"line":6},"1":{"name":"(anonymous_1)","decl":{"start":{"line":68,"column":23},"end":{"line":68,"column":24}},"loc":{"start":{"line":68,"column":43},"end":{"line":86,"column":1}},"line":68},"2":{"name":"(anonymous_2)","decl":{"start":{"line":90,"column":29},"end":{"line":90,"column":30}},"loc":{"start":{"line":90,"column":49},"end":{"line":123,"column":1}},"line":90},"3":{"name":"(anonymous_3)","decl":{"start":{"line":127,"column":29},"end":{"line":127,"column":30}},"loc":{"start":{"line":127,"column":49},"end":{"line":173,"column":1}},"line":127},"4":{"name":"(anonymous_4)","decl":{"start":{"line":136,"column":42},"end":{"line":136,"column":43}},"loc":{"start":{"line":136,"column":47},"end":{"line":136,"column":71}},"line":136},"5":{"name":"(anonymous_5)","decl":{"start":{"line":137,"column":40},"end":{"line":137,"column":41}},"loc":{"start":{"line":137,"column":45},"end":{"line":137,"column":69}},"line":137},"6":{"name":"(anonymous_6)","decl":{"start":{"line":138,"column":43},"end":{"line":138,"column":44}},"loc":{"start":{"line":138,"column":48},"end":{"line":138,"column":74}},"line":138},"7":{"name":"(anonymous_7)","decl":{"start":{"line":139,"column":41},"end":{"line":139,"column":42}},"loc":{"start":{"line":139,"column":46},"end":{"line":139,"column":69}},"line":139},"8":{"name":"(anonymous_8)","decl":{"start":{"line":140,"column":42},"end":{"line":140,"column":43}},"loc":{"start":{"line":140,"column":47},"end":{"line":140,"column":71}},"line":140},"9":{"name":"(anonymous_9)","decl":{"start":{"line":141,"column":41},"end":{"line":141,"column":42}},"loc":{"start":{"line":142,"column":16},"end":{"line":143,"column":54}},"line":142},"10":{"name":"(anonymous_10)","decl":{"start":{"line":147,"column":22},"end":{"line":147,"column":23}},"loc":{"start":{"line":147,"column":32},"end":{"line":147,"column":77}},"line":147},"11":{"name":"(anonymous_11)","decl":{"start":{"line":152,"column":28},"end":{"line":152,"column":29}},"loc":{"start":{"line":152,"column":42},"end":{"line":160,"column":9}},"line":152},"12":{"name":"(anonymous_12)","decl":{"start":{"line":153,"column":36},"end":{"line":153,"column":37}},"loc":{"start":{"line":153,"column":43},"end":{"line":159,"column":13}},"line":153},"13":{"name":"(anonymous_13)","decl":{"start":{"line":177,"column":25},"end":{"line":177,"column":26}},"loc":{"start":{"line":177,"column":45},"end":{"line":217,"column":1}},"line":177},"14":{"name":"(anonymous_14)","decl":{"start":{"line":221,"column":25},"end":{"line":221,"column":26}},"loc":{"start":{"line":221,"column":45},"end":{"line":244,"column":1}},"line":221},"15":{"name":"(anonymous_15)","decl":{"start":{"line":248,"column":31},"end":{"line":248,"column":32}},"loc":{"start":{"line":248,"column":51},"end":{"line":272,"column":1}},"line":248}},"branchMap":{"0":{"loc":{"start":{"line":11,"column":8},"end":{"line":16,"column":9}},"type":"if","locations":[{"start":{"line":11,"column":8},"end":{"line":16,"column":9}},{"start":{},"end":{}}],"line":11},"1":{"loc":{"start":{"line":11,"column":12},"end":{"line":11,"column":61}},"type":"binary-expr","locations":[{"start":{"line":11,"column":12},"end":{"line":11,"column":19}},{"start":{"line":11,"column":23},"end":{"line":11,"column":30}},{"start":{"line":11,"column":34},"end":{"line":11,"column":48}},{"start":{"line":11,"column":52},"end":{"line":11,"column":61}}],"line":11},"2":{"loc":{"start":{"line":19,"column":8},"end":{"line":24,"column":9}},"type":"if","locations":[{"start":{"line":19,"column":8},"end":{"line":24,"column":9}},{"start":{},"end":{}}],"line":19},"3":{"loc":{"start":{"line":19,"column":12},"end":{"line":19,"column":57}},"type":"binary-expr","locations":[{"start":{"line":19,"column":12},"end":{"line":19,"column":34}},{"start":{"line":19,"column":38},"end":{"line":19,"column":57}}],"line":19},"4":{"loc":{"start":{"line":32,"column":8},"end":{"line":37,"column":9}},"type":"if","locations":[{"start":{"line":32,"column":8},"end":{"line":37,"column":9}},{"start":{},"end":{}}],"line":32},"5":{"loc":{"start":{"line":44,"column":28},"end":{"line":44,"column":55}},"type":"binary-expr","locations":[{"start":{"line":44,"column":28},"end":{"line":44,"column":42}},{"start":{"line":44,"column":46},"end":{"line":44,"column":55}}],"line":44},"6":{"loc":{"start":{"line":92,"column":16},"end":{"line":92,"column":24}},"type":"default-arg","locations":[{"start":{"line":92,"column":23},"end":{"line":92,"column":24}}],"line":92},"7":{"loc":{"start":{"line":92,"column":26},"end":{"line":92,"column":36}},"type":"default-arg","locations":[{"start":{"line":92,"column":34},"end":{"line":92,"column":36}}],"line":92},"8":{"loc":{"start":{"line":96,"column":8},"end":{"line":96,"column":42}},"type":"if","locations":[{"start":{"line":96,"column":8},"end":{"line":96,"column":42}},{"start":{},"end":{}}],"line":96},"9":{"loc":{"start":{"line":142,"column":16},"end":{"line":143,"column":54}},"type":"binary-expr","locations":[{"start":{"line":142,"column":16},"end":{"line":142,"column":40}},{"start":{"line":143,"column":16},"end":{"line":143,"column":54}}],"line":142},"10":{"loc":{"start":{"line":154,"column":32},"end":{"line":154,"column":57}},"type":"binary-expr","locations":[{"start":{"line":154,"column":32},"end":{"line":154,"column":44}},{"start":{"line":154,"column":48},"end":{"line":154,"column":57}}],"line":154},"11":{"loc":{"start":{"line":155,"column":16},"end":{"line":157,"column":17}},"type":"if","locations":[{"start":{"line":155,"column":16},"end":{"line":157,"column":17}},{"start":{},"end":{}}],"line":155},"12":{"loc":{"start":{"line":183,"column":8},"end":{"line":209,"column":9}},"type":"if","locations":[{"start":{"line":183,"column":8},"end":{"line":209,"column":9}},{"start":{"line":204,"column":15},"end":{"line":209,"column":9}}],"line":183},"13":{"loc":{"start":{"line":184,"column":39},"end":{"line":184,"column":80}},"type":"binary-expr","locations":[{"start":{"line":184,"column":39},"end":{"line":184,"column":52}},{"start":{"line":184,"column":56},"end":{"line":184,"column":80}}],"line":184},"14":{"loc":{"start":{"line":185,"column":34},"end":{"line":185,"column":65}},"type":"binary-expr","locations":[{"start":{"line":185,"column":34},"end":{"line":185,"column":42}},{"start":{"line":185,"column":46},"end":{"line":185,"column":65}}],"line":185},"15":{"loc":{"start":{"line":186,"column":32},"end":{"line":186,"column":59}},"type":"binary-expr","locations":[{"start":{"line":186,"column":32},"end":{"line":186,"column":38}},{"start":{"line":186,"column":42},"end":{"line":186,"column":59}}],"line":186},"16":{"loc":{"start":{"line":187,"column":36},"end":{"line":187,"column":71}},"type":"binary-expr","locations":[{"start":{"line":187,"column":36},"end":{"line":187,"column":46}},{"start":{"line":187,"column":50},"end":{"line":187,"column":71}}],"line":187},"17":{"loc":{"start":{"line":188,"column":31},"end":{"line":188,"column":56}},"type":"binary-expr","locations":[{"start":{"line":188,"column":31},"end":{"line":188,"column":36}},{"start":{"line":188,"column":40},"end":{"line":188,"column":56}}],"line":188},"18":{"loc":{"start":{"line":189,"column":35},"end":{"line":189,"column":68}},"type":"binary-expr","locations":[{"start":{"line":189,"column":35},"end":{"line":189,"column":44}},{"start":{"line":189,"column":48},"end":{"line":189,"column":68}}],"line":189},"19":{"loc":{"start":{"line":192,"column":12},"end":{"line":194,"column":13}},"type":"if","locations":[{"start":{"line":192,"column":12},"end":{"line":194,"column":13}},{"start":{},"end":{}}],"line":192},"20":{"loc":{"start":{"line":192,"column":16},"end":{"line":192,"column":75}},"type":"binary-expr","locations":[{"start":{"line":192,"column":16},"end":{"line":192,"column":38}},{"start":{"line":192,"column":42},"end":{"line":192,"column":75}}],"line":192},"21":{"loc":{"start":{"line":225,"column":8},"end":{"line":236,"column":9}},"type":"if","locations":[{"start":{"line":225,"column":8},"end":{"line":236,"column":9}},{"start":{"line":231,"column":15},"end":{"line":236,"column":9}}],"line":225}},"s":{"0":1,"1":1,"2":1,"3":5,"4":5,"5":5,"6":1,"7":4,"8":1,"9":3,"10":3,"11":1,"12":2,"13":2,"14":1,"15":1,"16":1,"17":1,"18":1,"19":2,"20":2,"21":1,"22":1,"23":1,"24":1,"25":3,"26":3,"27":3,"28":3,"29":3,"30":1,"31":3,"32":2,"33":2,"34":1,"35":1,"36":1,"37":3,"38":3,"39":3,"40":2,"41":2,"42":2,"43":2,"44":2,"45":2,"46":2,"47":1,"48":2,"49":2,"50":2,"51":2,"52":2,"53":2,"54":2,"55":1,"56":1,"57":1,"58":0,"59":0,"60":0,"61":0,"62":0,"63":0,"64":0,"65":0,"66":0,"67":0,"68":0,"69":0,"70":0,"71":0,"72":0,"73":0,"74":0,"75":0,"76":0,"77":1,"78":0,"79":0,"80":0,"81":0,"82":0,"83":0,"84":0,"85":0,"86":1,"87":2,"88":2,"89":2,"90":2,"91":0,"92":0,"93":1},"f":{"0":5,"1":2,"2":3,"3":3,"4":2,"5":2,"6":2,"7":2,"8":2,"9":2,"10":1,"11":2,"12":2,"13":0,"14":0,"15":2},"b":{"0":[1,4],"1":[5,4,4,4],"2":[1,3],"3":[4,3],"4":[1,2],"5":[2,0],"6":[2],"7":[2],"8":[1,2],"9":[2,1],"10":[2,0],"11":[2,0],"12":[0,0],"13":[0,0],"14":[0,0],"15":[0,0],"16":[0,0],"17":[0,0],"18":[0,0],"19":[0,0],"20":[0,0],"21":[0,0]},"_coverageSchema":"1a1c01bbd47fc00a2c39e90264f33305004495a9","hash":"7546c2030c590bb5d3da5cefd2bbee314e8b3696"}
,"/Users/chaveensewni/Desktop/Y3S2/CHAW/CSSE LAB/Assignment 2/Y3S2WE35-CSSE/waste_management/backend/controllers/collectorController.js": {"path":"/Users/chaveensewni/Desktop/Y3S2/CHAW/CSSE LAB/Assignment 2/Y3S2WE35-CSSE/waste_management/backend/controllers/collectorController.js","statementMap":{"0":{"start":{"line":1,"column":27},"end":{"line":1,"column":71}},"1":{"start":{"line":2,"column":12},"end":{"line":2,"column":41}},"2":{"start":{"line":6,"column":26},"end":{"line":33,"column":1}},"3":{"start":{"line":7,"column":4},"end":{"line":32,"column":5}},"4":{"start":{"line":8,"column":22},"end":{"line":8,"column":32}},"5":{"start":{"line":9,"column":8},"end":{"line":9,"column":35}},"6":{"start":{"line":11,"column":25},"end":{"line":11,"column":40}},"7":{"start":{"line":12,"column":8},"end":{"line":12,"column":49}},"8":{"start":{"line":14,"column":26},"end":{"line":19,"column":30}},"9":{"start":{"line":21,"column":8},"end":{"line":25,"column":11}},"10":{"start":{"line":27,"column":8},"end":{"line":27,"column":63}},"11":{"start":{"line":28,"column":8},"end":{"line":31,"column":11}},"12":{"start":{"line":37,"column":29},"end":{"line":91,"column":1}},"13":{"start":{"line":38,"column":36},"end":{"line":38,"column":44}},"14":{"start":{"line":40,"column":4},"end":{"line":90,"column":5}},"15":{"start":{"line":42,"column":20},"end":{"line":43,"column":43}},"16":{"start":{"line":45,"column":8},"end":{"line":50,"column":9}},"17":{"start":{"line":46,"column":12},"end":{"line":49,"column":15}},"18":{"start":{"line":53,"column":22},"end":{"line":53,"column":32}},"19":{"start":{"line":54,"column":8},"end":{"line":54,"column":35}},"20":{"start":{"line":56,"column":25},"end":{"line":56,"column":40}},"21":{"start":{"line":57,"column":8},"end":{"line":57,"column":49}},"22":{"start":{"line":60,"column":25},"end":{"line":66,"column":62}},"23":{"start":{"line":68,"column":8},"end":{"line":74,"column":9}},"24":{"start":{"line":69,"column":12},"end":{"line":73,"column":15}},"25":{"start":{"line":76,"column":8},"end":{"line":82,"column":11}},"26":{"start":{"line":85,"column":8},"end":{"line":85,"column":53}},"27":{"start":{"line":86,"column":8},"end":{"line":89,"column":11}},"28":{"start":{"line":95,"column":31},"end":{"line":132,"column":1}},"29":{"start":{"line":96,"column":35},"end":{"line":96,"column":43}},"30":{"start":{"line":98,"column":4},"end":{"line":131,"column":5}},"31":{"start":{"line":99,"column":25},"end":{"line":101,"column":66}},"32":{"start":{"line":103,"column":8},"end":{"line":108,"column":9}},"33":{"start":{"line":104,"column":12},"end":{"line":107,"column":15}},"34":{"start":{"line":110,"column":8},"end":{"line":110,"column":33}},"35":{"start":{"line":113,"column":8},"end":{"line":115,"column":9}},"36":{"start":{"line":114,"column":12},"end":{"line":114,"column":44}},"37":{"start":{"line":117,"column":8},"end":{"line":117,"column":30}},"38":{"start":{"line":119,"column":8},"end":{"line":123,"column":11}},"39":{"start":{"line":126,"column":8},"end":{"line":126,"column":66}},"40":{"start":{"line":127,"column":8},"end":{"line":130,"column":11}},"41":{"start":{"line":136,"column":27},"end":{"line":178,"column":1}},"42":{"start":{"line":137,"column":46},"end":{"line":137,"column":54}},"43":{"start":{"line":139,"column":4},"end":{"line":177,"column":5}},"44":{"start":{"line":140,"column":25},"end":{"line":142,"column":66}},"45":{"start":{"line":144,"column":8},"end":{"line":149,"column":9}},"46":{"start":{"line":145,"column":12},"end":{"line":148,"column":15}},"47":{"start":{"line":151,"column":8},"end":{"line":156,"column":9}},"48":{"start":{"line":152,"column":12},"end":{"line":155,"column":15}},"49":{"start":{"line":158,"column":8},"end":{"line":158,"column":38}},"50":{"start":{"line":159,"column":8},"end":{"line":159,"column":41}},"51":{"start":{"line":160,"column":8},"end":{"line":160,"column":31}},"52":{"start":{"line":161,"column":8},"end":{"line":161,"column":42}},"53":{"start":{"line":163,"column":8},"end":{"line":163,"column":30}},"54":{"start":{"line":165,"column":8},"end":{"line":169,"column":11}},"55":{"start":{"line":172,"column":8},"end":{"line":172,"column":61}},"56":{"start":{"line":173,"column":8},"end":{"line":176,"column":11}},"57":{"start":{"line":182,"column":25},"end":{"line":223,"column":1}},"58":{"start":{"line":183,"column":35},"end":{"line":183,"column":43}},"59":{"start":{"line":185,"column":4},"end":{"line":222,"column":5}},"60":{"start":{"line":186,"column":25},"end":{"line":188,"column":66}},"61":{"start":{"line":190,"column":8},"end":{"line":195,"column":9}},"62":{"start":{"line":191,"column":12},"end":{"line":194,"column":15}},"63":{"start":{"line":197,"column":8},"end":{"line":202,"column":9}},"64":{"start":{"line":198,"column":12},"end":{"line":201,"column":15}},"65":{"start":{"line":204,"column":8},"end":{"line":204,"column":37}},"66":{"start":{"line":205,"column":8},"end":{"line":205,"column":41}},"67":{"start":{"line":206,"column":8},"end":{"line":206,"column":42}},"68":{"start":{"line":208,"column":8},"end":{"line":208,"column":30}},"69":{"start":{"line":210,"column":8},"end":{"line":214,"column":11}},"70":{"start":{"line":217,"column":8},"end":{"line":217,"column":60}},"71":{"start":{"line":218,"column":8},"end":{"line":221,"column":11}},"72":{"start":{"line":227,"column":26},"end":{"line":276,"column":1}},"73":{"start":{"line":228,"column":4},"end":{"line":275,"column":5}},"74":{"start":{"line":229,"column":32},"end":{"line":229,"column":42}},"75":{"start":{"line":231,"column":22},"end":{"line":231,"column":32}},"76":{"start":{"line":232,"column":8},"end":{"line":232,"column":35}},"77":{"start":{"line":234,"column":25},"end":{"line":234,"column":40}},"78":{"start":{"line":235,"column":8},"end":{"line":235,"column":49}},"79":{"start":{"line":238,"column":26},"end":{"line":238,"column":41}},"80":{"start":{"line":239,"column":8},"end":{"line":239,"column":64}},"81":{"start":{"line":240,"column":8},"end":{"line":240,"column":39}},"82":{"start":{"line":243,"column":33},"end":{"line":245,"column":10}},"83":{"start":{"line":248,"column":32},"end":{"line":250,"column":10}},"84":{"start":{"line":253,"column":31},"end":{"line":253,"column":64}},"85":{"start":{"line":255,"column":22},"end":{"line":262,"column":9}},"86":{"start":{"line":258,"column":57},"end":{"line":258,"column":81}},"87":{"start":{"line":259,"column":59},"end":{"line":259,"column":83}},"88":{"start":{"line":261,"column":57},"end":{"line":261,"column":81}},"89":{"start":{"line":264,"column":8},"end":{"line":267,"column":11}},"90":{"start":{"line":270,"column":8},"end":{"line":270,"column":63}},"91":{"start":{"line":271,"column":8},"end":{"line":274,"column":11}},"92":{"start":{"line":278,"column":0},"end":{"line":285,"column":2}}},"fnMap":{"0":{"name":"(anonymous_0)","decl":{"start":{"line":6,"column":26},"end":{"line":6,"column":27}},"loc":{"start":{"line":6,"column":46},"end":{"line":33,"column":1}},"line":6},"1":{"name":"(anonymous_1)","decl":{"start":{"line":37,"column":29},"end":{"line":37,"column":30}},"loc":{"start":{"line":37,"column":49},"end":{"line":91,"column":1}},"line":37},"2":{"name":"(anonymous_2)","decl":{"start":{"line":95,"column":31},"end":{"line":95,"column":32}},"loc":{"start":{"line":95,"column":51},"end":{"line":132,"column":1}},"line":95},"3":{"name":"(anonymous_3)","decl":{"start":{"line":136,"column":27},"end":{"line":136,"column":28}},"loc":{"start":{"line":136,"column":47},"end":{"line":178,"column":1}},"line":136},"4":{"name":"(anonymous_4)","decl":{"start":{"line":182,"column":25},"end":{"line":182,"column":26}},"loc":{"start":{"line":182,"column":45},"end":{"line":223,"column":1}},"line":182},"5":{"name":"(anonymous_5)","decl":{"start":{"line":227,"column":26},"end":{"line":227,"column":27}},"loc":{"start":{"line":227,"column":46},"end":{"line":276,"column":1}},"line":227},"6":{"name":"(anonymous_6)","decl":{"start":{"line":258,"column":52},"end":{"line":258,"column":53}},"loc":{"start":{"line":258,"column":57},"end":{"line":258,"column":81}},"line":258},"7":{"name":"(anonymous_7)","decl":{"start":{"line":259,"column":54},"end":{"line":259,"column":55}},"loc":{"start":{"line":259,"column":59},"end":{"line":259,"column":83}},"line":259},"8":{"name":"(anonymous_8)","decl":{"start":{"line":261,"column":52},"end":{"line":261,"column":53}},"loc":{"start":{"line":261,"column":57},"end":{"line":261,"column":81}},"line":261}},"branchMap":{"0":{"loc":{"start":{"line":45,"column":8},"end":{"line":50,"column":9}},"type":"if","locations":[{"start":{"line":45,"column":8},"end":{"line":50,"column":9}},{"start":{},"end":{}}],"line":45},"1":{"loc":{"start":{"line":68,"column":8},"end":{"line":74,"column":9}},"type":"if","locations":[{"start":{"line":68,"column":8},"end":{"line":74,"column":9}},{"start":{},"end":{}}],"line":68},"2":{"loc":{"start":{"line":103,"column":8},"end":{"line":108,"column":9}},"type":"if","locations":[{"start":{"line":103,"column":8},"end":{"line":108,"column":9}},{"start":{},"end":{}}],"line":103},"3":{"loc":{"start":{"line":113,"column":8},"end":{"line":115,"column":9}},"type":"if","locations":[{"start":{"line":113,"column":8},"end":{"line":115,"column":9}},{"start":{},"end":{}}],"line":113},"4":{"loc":{"start":{"line":144,"column":8},"end":{"line":149,"column":9}},"type":"if","locations":[{"start":{"line":144,"column":8},"end":{"line":149,"column":9}},{"start":{},"end":{}}],"line":144},"5":{"loc":{"start":{"line":151,"column":8},"end":{"line":156,"column":9}},"type":"if","locations":[{"start":{"line":151,"column":8},"end":{"line":156,"column":9}},{"start":{},"end":{}}],"line":151},"6":{"loc":{"start":{"line":151,"column":12},"end":{"line":151,"column":46}},"type":"binary-expr","locations":[{"start":{"line":151,"column":12},"end":{"line":151,"column":26}},{"start":{"line":151,"column":30},"end":{"line":151,"column":46}}],"line":151},"7":{"loc":{"start":{"line":190,"column":8},"end":{"line":195,"column":9}},"type":"if","locations":[{"start":{"line":190,"column":8},"end":{"line":195,"column":9}},{"start":{},"end":{}}],"line":190},"8":{"loc":{"start":{"line":197,"column":8},"end":{"line":202,"column":9}},"type":"if","locations":[{"start":{"line":197,"column":8},"end":{"line":202,"column":9}},{"start":{},"end":{}}],"line":197},"9":{"loc":{"start":{"line":197,"column":12},"end":{"line":197,"column":43}},"type":"binary-expr","locations":[{"start":{"line":197,"column":12},"end":{"line":197,"column":19}},{"start":{"line":197,"column":23},"end":{"line":197,"column":43}}],"line":197},"10":{"loc":{"start":{"line":260,"column":25},"end":{"line":261,"column":127}},"type":"cond-expr","locations":[{"start":{"line":261,"column":16},"end":{"line":261,"column":123}},{"start":{"line":261,"column":126},"end":{"line":261,"column":127}}],"line":260}},"s":{"0":1,"1":1,"2":1,"3":2,"4":2,"5":2,"6":2,"7":2,"8":2,"9":1,"10":1,"11":1,"12":1,"13":4,"14":4,"15":4,"16":3,"17":1,"18":2,"19":2,"20":2,"21":2,"22":2,"23":2,"24":1,"25":1,"26":1,"27":1,"28":1,"29":4,"30":4,"31":4,"32":4,"33":1,"34":3,"35":3,"36":3,"37":3,"38":2,"39":1,"40":1,"41":1,"42":4,"43":4,"44":4,"45":4,"46":1,"47":3,"48":1,"49":2,"50":2,"51":2,"52":2,"53":2,"54":1,"55":1,"56":1,"57":1,"58":4,"59":4,"60":4,"61":4,"62":1,"63":3,"64":1,"65":2,"66":2,"67":2,"68":2,"69":1,"70":1,"71":1,"72":1,"73":3,"74":3,"75":3,"76":3,"77":3,"78":3,"79":3,"80":3,"81":3,"82":3,"83":2,"84":2,"85":2,"86":3,"87":3,"88":3,"89":2,"90":1,"91":1,"92":1},"f":{"0":2,"1":4,"2":4,"3":4,"4":4,"5":3,"6":3,"7":3,"8":3},"b":{"0":[1,2],"1":[1,1],"2":[1,3],"3":[3,0],"4":[1,3],"5":[1,2],"6":[3,3],"7":[1,3],"8":[1,2],"9":[3,2],"10":[1,1]},"_coverageSchema":"1a1c01bbd47fc00a2c39e90264f33305004495a9","hash":"19b102bd48b074503326e7a9dd9e300f72d81981"}
,"/Users/chaveensewni/Desktop/Y3S2/CHAW/CSSE LAB/Assignment 2/Y3S2WE35-CSSE/waste_management/backend/controllers/dashboardController.js": {"path":"/Users/chaveensewni/Desktop/Y3S2/CHAW/CSSE LAB/Assignment 2/Y3S2WE35-CSSE/waste_management/backend/controllers/dashboardController.js","statementMap":{"0":{"start":{"line":8,"column":25},"end":{"line":51,"column":1}},"1":{"start":{"line":9,"column":2},"end":{"line":50,"column":3}},"2":{"start":{"line":12,"column":30},"end":{"line":44,"column":5}},"3":{"start":{"line":46,"column":4},"end":{"line":46,"column":44}},"4":{"start":{"line":49,"column":4},"end":{"line":49,"column":85}},"5":{"start":{"line":53,"column":0},"end":{"line":55,"column":2}}},"fnMap":{"0":{"name":"(anonymous_0)","decl":{"start":{"line":8,"column":25},"end":{"line":8,"column":26}},"loc":{"start":{"line":8,"column":39},"end":{"line":51,"column":1}},"line":8}},"branchMap":{},"s":{"0":1,"1":3,"2":3,"3":3,"4":1,"5":1},"f":{"0":3},"b":{},"_coverageSchema":"1a1c01bbd47fc00a2c39e90264f33305004495a9","hash":"cd469ca3ed147176986c32fcc41a84ab3c1e9336"}
,"/Users/chaveensewni/Desktop/Y3S2/CHAW/CSSE LAB/Assignment 2/Y3S2WE35-CSSE/waste_management/backend/controllers/specialCollectionController.js": {"path":"/Users/chaveensewni/Desktop/Y3S2/CHAW/CSSE LAB/Assignment 2/Y3S2WE35-CSSE/waste_management/backend/controllers/specialCollectionController.js","statementMap":{"0":{"start":{"line":1,"column":26},"end":{"line":1,"column":69}},"1":{"start":{"line":3,"column":19},"end":{"line":7,"column":1}},"2":{"start":{"line":8,"column":19},"end":{"line":8,"column":20}},"3":{"start":{"line":12,"column":26},"end":{"line":43,"column":1}},"4":{"start":{"line":13,"column":21},"end":{"line":13,"column":30}},"5":{"start":{"line":14,"column":4},"end":{"line":16,"column":5}},"6":{"start":{"line":15,"column":8},"end":{"line":15,"column":69}},"7":{"start":{"line":18,"column":4},"end":{"line":42,"column":5}},"8":{"start":{"line":19,"column":29},"end":{"line":19,"column":43}},"9":{"start":{"line":22,"column":27},"end":{"line":22,"column":73}},"10":{"start":{"line":23,"column":25},"end":{"line":23,"column":76}},"11":{"start":{"line":26,"column":31},"end":{"line":28,"column":10}},"12":{"start":{"line":30,"column":31},"end":{"line":30,"column":33}},"13":{"start":{"line":31,"column":8},"end":{"line":36,"column":11}},"14":{"start":{"line":32,"column":35},"end":{"line":32,"column":101}},"15":{"start":{"line":32,"column":68},"end":{"line":32,"column":93}},"16":{"start":{"line":33,"column":12},"end":{"line":35,"column":13}},"17":{"start":{"line":34,"column":16},"end":{"line":34,"column":42}},"18":{"start":{"line":38,"column":8},"end":{"line":38,"column":33}},"19":{"start":{"line":41,"column":8},"end":{"line":41,"column":58}},"20":{"start":{"line":47,"column":23},"end":{"line":74,"column":1}},"21":{"start":{"line":49,"column":90},"end":{"line":49,"column":98}},"22":{"start":{"line":52,"column":4},"end":{"line":54,"column":5}},"23":{"start":{"line":53,"column":8},"end":{"line":53,"column":87}},"24":{"start":{"line":56,"column":4},"end":{"line":73,"column":5}},"25":{"start":{"line":57,"column":28},"end":{"line":66,"column":10}},"26":{"start":{"line":68,"column":32},"end":{"line":68,"column":56}},"27":{"start":{"line":69,"column":8},"end":{"line":69,"column":46}},"28":{"start":{"line":72,"column":8},"end":{"line":72,"column":71}},"29":{"start":{"line":78,"column":24},"end":{"line":88,"column":1}},"30":{"start":{"line":79,"column":4},"end":{"line":87,"column":5}},"31":{"start":{"line":80,"column":26},"end":{"line":82,"column":31}},"32":{"start":{"line":84,"column":8},"end":{"line":84,"column":28}},"33":{"start":{"line":86,"column":8},"end":{"line":86,"column":58}},"34":{"start":{"line":92,"column":23},"end":{"line":101,"column":1}},"35":{"start":{"line":93,"column":4},"end":{"line":100,"column":5}},"36":{"start":{"line":94,"column":26},"end":{"line":95,"column":31}},"37":{"start":{"line":97,"column":8},"end":{"line":97,"column":28}},"38":{"start":{"line":99,"column":8},"end":{"line":99,"column":58}},"39":{"start":{"line":103,"column":0},"end":{"line":108,"column":2}}},"fnMap":{"0":{"name":"(anonymous_0)","decl":{"start":{"line":12,"column":26},"end":{"line":12,"column":27}},"loc":{"start":{"line":12,"column":46},"end":{"line":43,"column":1}},"line":12},"1":{"name":"(anonymous_1)","decl":{"start":{"line":31,"column":27},"end":{"line":31,"column":28}},"loc":{"start":{"line":31,"column":35},"end":{"line":36,"column":9}},"line":31},"2":{"name":"(anonymous_2)","decl":{"start":{"line":32,"column":57},"end":{"line":32,"column":58}},"loc":{"start":{"line":32,"column":68},"end":{"line":32,"column":93}},"line":32},"3":{"name":"(anonymous_3)","decl":{"start":{"line":47,"column":23},"end":{"line":47,"column":24}},"loc":{"start":{"line":47,"column":43},"end":{"line":74,"column":1}},"line":47},"4":{"name":"(anonymous_4)","decl":{"start":{"line":78,"column":24},"end":{"line":78,"column":25}},"loc":{"start":{"line":78,"column":44},"end":{"line":88,"column":1}},"line":78},"5":{"name":"(anonymous_5)","decl":{"start":{"line":92,"column":23},"end":{"line":92,"column":24}},"loc":{"start":{"line":92,"column":43},"end":{"line":101,"column":1}},"line":92}},"branchMap":{"0":{"loc":{"start":{"line":14,"column":4},"end":{"line":16,"column":5}},"type":"if","locations":[{"start":{"line":14,"column":4},"end":{"line":16,"column":5}},{"start":{},"end":{}}],"line":14},"1":{"loc":{"start":{"line":33,"column":12},"end":{"line":35,"column":13}},"type":"if","locations":[{"start":{"line":33,"column":12},"end":{"line":35,"column":13}},{"start":{},"end":{}}],"line":33},"2":{"loc":{"start":{"line":52,"column":4},"end":{"line":54,"column":5}},"type":"if","locations":[{"start":{"line":52,"column":4},"end":{"line":54,"column":5}},{"start":{},"end":{}}],"line":52},"3":{"loc":{"start":{"line":52,"column":8},"end":{"line":52,"column":91}},"type":"binary-expr","locations":[{"start":{"line":52,"column":8},"end":{"line":52,"column":15}},{"start":{"line":52,"column":19},"end":{"line":52,"column":24}},{"start":{"line":52,"column":28},"end":{"line":52,"column":37}},{"start":{"line":52,"column":41},"end":{"line":52,"column":51}},{"start":{"line":52,"column":55},"end":{"line":52,"column":64}},{"start":{"line":52,"column":68},"end":{"line":52,"column":75}},{"start":{"line":52,"column":79},"end":{"line":52,"column":91}}],"line":52}},"s":{"0":1,"1":1,"2":1,"3":1,"4":4,"5":4,"6":1,"7":3,"8":3,"9":3,"10":3,"11":3,"12":2,"13":2,"14":6,"15":48,"16":6,"17":3,"18":2,"19":1,"20":1,"21":3,"22":3,"23":1,"24":2,"25":2,"26":2,"27":1,"28":1,"29":1,"30":2,"31":2,"32":1,"33":1,"34":1,"35":2,"36":2,"37":1,"38":1,"39":1},"f":{"0":4,"1":6,"2":48,"3":3,"4":2,"5":2},"b":{"0":[1,3],"1":[3,3],"2":[1,2],"3":[3,3,3,2,2,2,2]},"_coverageSchema":"1a1c01bbd47fc00a2c39e90264f33305004495a9","hash":"c2d3f8aa175f7a13c4998ff38897cd97874ba2f2"}
,"/Users/chaveensewni/Desktop/Y3S2/CHAW/CSSE LAB/Assignment 2/Y3S2WE35-CSSE/waste_management/backend/models/binModel.js": {"path":"/Users/chaveensewni/Desktop/Y3S2/CHAW/CSSE LAB/Assignment 2/Y3S2WE35-CSSE/waste_management/backend/models/binModel.js","statementMap":{"0":{"start":{"line":1,"column":17},"end":{"line":1,"column":36}},"1":{"start":{"line":3,"column":18},"end":{"line":42,"column":1}},"2":{"start":{"line":31,"column":16},"end":{"line":31,"column":81}},"3":{"start":{"line":45,"column":0},"end":{"line":45,"column":44}},"4":{"start":{"line":46,"column":0},"end":{"line":46,"column":31}},"5":{"start":{"line":48,"column":12},"end":{"line":48,"column":44}},"6":{"start":{"line":49,"column":0},"end":{"line":49,"column":21}}},"fnMap":{"0":{"name":"(anonymous_0)","decl":{"start":{"line":30,"column":21},"end":{"line":30,"column":22}},"loc":{"start":{"line":30,"column":32},"end":{"line":32,"column":13}},"line":30}},"branchMap":{},"s":{"0":3,"1":3,"2":0,"3":3,"4":3,"5":3,"6":3},"f":{"0":0},"b":{},"_coverageSchema":"1a1c01bbd47fc00a2c39e90264f33305004495a9","hash":"3a71998f77920c862a782da99ff0b2f8c0b7097c"}
,"/Users/chaveensewni/Desktop/Y3S2/CHAW/CSSE LAB/Assignment 2/Y3S2WE35-CSSE/waste_management/backend/models/collectionScheduleModel.js": {"path":"/Users/chaveensewni/Desktop/Y3S2/CHAW/CSSE LAB/Assignment 2/Y3S2WE35-CSSE/waste_management/backend/models/collectionScheduleModel.js","statementMap":{"0":{"start":{"line":1,"column":17},"end":{"line":1,"column":36}},"1":{"start":{"line":3,"column":33},"end":{"line":54,"column":1}},"2":{"start":{"line":56,"column":27},"end":{"line":56,"column":89}},"3":{"start":{"line":57,"column":0},"end":{"line":57,"column":36}}},"fnMap":{},"branchMap":{},"s":{"0":2,"1":2,"2":2,"3":2},"f":{},"b":{},"_coverageSchema":"1a1c01bbd47fc00a2c39e90264f33305004495a9","hash":"fe62606933074d5d051d81ea5eb269e745ddac14"}
,"/Users/chaveensewni/Desktop/Y3S2/CHAW/CSSE LAB/Assignment 2/Y3S2WE35-CSSE/waste_management/backend/models/specialCollectionModel.js": {"path":"/Users/chaveensewni/Desktop/Y3S2/CHAW/CSSE LAB/Assignment 2/Y3S2WE35-CSSE/waste_management/backend/models/specialCollectionModel.js","statementMap":{"0":{"start":{"line":1,"column":17},"end":{"line":1,"column":36}},"1":{"start":{"line":3,"column":32},"end":{"line":53,"column":1}},"2":{"start":{"line":55,"column":26},"end":{"line":55,"column":86}},"3":{"start":{"line":57,"column":0},"end":{"line":57,"column":35}}},"fnMap":{},"branchMap":{},"s":{"0":1,"1":1,"2":1,"3":1},"f":{},"b":{},"_coverageSchema":"1a1c01bbd47fc00a2c39e90264f33305004495a9","hash":"ed31981a016fab3323779202440352f1308ef2f8"}
,"/Users/chaveensewni/Desktop/Y3S2/CHAW/CSSE LAB/Assignment 2/Y3S2WE35-CSSE/waste_management/backend/models/userModel.js": {"path":"/Users/chaveensewni/Desktop/Y3S2/CHAW/CSSE LAB/Assignment 2/Y3S2WE35-CSSE/waste_management/backend/models/userModel.js","statementMap":{"0":{"start":{"line":1,"column":17},"end":{"line":1,"column":36}},"1":{"start":{"line":2,"column":15},"end":{"line":2,"column":34}},"2":{"start":{"line":4,"column":19},"end":{"line":25,"column":1}},"3":{"start":{"line":28,"column":0},"end":{"line":34,"column":3}},"4":{"start":{"line":29,"column":4},"end":{"line":31,"column":5}},"5":{"start":{"line":30,"column":8},"end":{"line":30,"column":15}},"6":{"start":{"line":32,"column":17},"end":{"line":32,"column":41}},"7":{"start":{"line":33,"column":4},"end":{"line":33,"column":59}},"8":{"start":{"line":37,"column":0},"end":{"line":39,"column":2}},"9":{"start":{"line":38,"column":4},"end":{"line":38,"column":64}},"10":{"start":{"line":41,"column":13},"end":{"line":41,"column":47}},"11":{"start":{"line":43,"column":0},"end":{"line":43,"column":22}}},"fnMap":{"0":{"name":"(anonymous_0)","decl":{"start":{"line":28,"column":23},"end":{"line":28,"column":24}},"loc":{"start":{"line":28,"column":45},"end":{"line":34,"column":1}},"line":28},"1":{"name":"(anonymous_1)","decl":{"start":{"line":37,"column":35},"end":{"line":37,"column":36}},"loc":{"start":{"line":37,"column":68},"end":{"line":39,"column":1}},"line":37}},"branchMap":{"0":{"loc":{"start":{"line":29,"column":4},"end":{"line":31,"column":5}},"type":"if","locations":[{"start":{"line":29,"column":4},"end":{"line":31,"column":5}},{"start":{},"end":{}}],"line":29}},"s":{"0":1,"1":1,"2":1,"3":1,"4":0,"5":0,"6":0,"7":0,"8":1,"9":0,"10":1,"11":1},"f":{"0":0,"1":0},"b":{"0":[0,0]},"_coverageSchema":"1a1c01bbd47fc00a2c39e90264f33305004495a9","hash":"c04b21a2ba867b1c91b33aef2ea37728ec65e8f5"}
,"/Users/chaveensewni/Desktop/Y3S2/CHAW/CSSE LAB/Assignment 2/Y3S2WE35-CSSE/waste_management/backend/routes/binRoutes.js": {"path":"/Users/chaveensewni/Desktop/Y3S2/CHAW/CSSE LAB/Assignment 2/Y3S2WE35-CSSE/waste_management/backend/routes/binRoutes.js","statementMap":{"0":{"start":{"line":1,"column":16},"end":{"line":1,"column":34}},"1":{"start":{"line":2,"column":15},"end":{"line":2,"column":31}},"2":{"start":{"line":12,"column":4},"end":{"line":12,"column":43}},"3":{"start":{"line":14,"column":0},"end":{"line":16,"column":18}},"4":{"start":{"line":18,"column":0},"end":{"line":19,"column":24}},"5":{"start":{"line":21,"column":0},"end":{"line":22,"column":26}},"6":{"start":{"line":24,"column":0},"end":{"line":27,"column":23}},"7":{"start":{"line":29,"column":0},"end":{"line":30,"column":25}},"8":{"start":{"line":32,"column":0},"end":{"line":32,"column":24}}},"fnMap":{},"branchMap":{},"s":{"0":1,"1":1,"2":1,"3":1,"4":1,"5":1,"6":1,"7":1,"8":1},"f":{},"b":{},"_coverageSchema":"1a1c01bbd47fc00a2c39e90264f33305004495a9","hash":"d2b81bc169b9c192426e3861e08d5cb11813c832"}
,"/Users/chaveensewni/Desktop/Y3S2/CHAW/CSSE LAB/Assignment 2/Y3S2WE35-CSSE/waste_management/backend/routes/collectionRoutes.js": {"path":"/Users/chaveensewni/Desktop/Y3S2/CHAW/CSSE LAB/Assignment 2/Y3S2WE35-CSSE/waste_management/backend/routes/collectionRoutes.js","statementMap":{"0":{"start":{"line":2,"column":16},"end":{"line":2,"column":34}},"1":{"start":{"line":3,"column":15},"end":{"line":3,"column":31}},"2":{"start":{"line":12,"column":4},"end":{"line":12,"column":50}},"3":{"start":{"line":14,"column":0},"end":{"line":16,"column":25}},"4":{"start":{"line":18,"column":0},"end":{"line":19,"column":31}},"5":{"start":{"line":21,"column":0},"end":{"line":22,"column":31}},"6":{"start":{"line":24,"column":0},"end":{"line":25,"column":33}},"7":{"start":{"line":27,"column":0},"end":{"line":29,"column":30}},"8":{"start":{"line":31,"column":0},"end":{"line":31,"column":24}}},"fnMap":{},"branchMap":{},"s":{"0":1,"1":1,"2":1,"3":1,"4":1,"5":1,"6":1,"7":1,"8":1},"f":{},"b":{},"_coverageSchema":"1a1c01bbd47fc00a2c39e90264f33305004495a9","hash":"399e87c29ad571b526b437c5bd869296ac009f98"}
,"/Users/chaveensewni/Desktop/Y3S2/CHAW/CSSE LAB/Assignment 2/Y3S2WE35-CSSE/waste_management/backend/routes/collectorRoutes.js": {"path":"/Users/chaveensewni/Desktop/Y3S2/CHAW/CSSE LAB/Assignment 2/Y3S2WE35-CSSE/waste_management/backend/routes/collectorRoutes.js","statementMap":{"0":{"start":{"line":1,"column":16},"end":{"line":1,"column":34}},"1":{"start":{"line":2,"column":15},"end":{"line":2,"column":31}},"2":{"start":{"line":10,"column":4},"end":{"line":10,"column":49}},"3":{"start":{"line":12,"column":0},"end":{"line":12,"column":44}},"4":{"start":{"line":13,"column":0},"end":{"line":13,"column":49}},"5":{"start":{"line":14,"column":0},"end":{"line":14,"column":53}},"6":{"start":{"line":15,"column":0},"end":{"line":15,"column":55}},"7":{"start":{"line":16,"column":0},"end":{"line":16,"column":51}},"8":{"start":{"line":17,"column":0},"end":{"line":17,"column":53}},"9":{"start":{"line":19,"column":0},"end":{"line":19,"column":24}}},"fnMap":{},"branchMap":{},"s":{"0":1,"1":1,"2":1,"3":1,"4":1,"5":1,"6":1,"7":1,"8":1,"9":1},"f":{},"b":{},"_coverageSchema":"1a1c01bbd47fc00a2c39e90264f33305004495a9","hash":"065efab2f5ac02d3df8a088d08a7902282952bb6"}
,"/Users/chaveensewni/Desktop/Y3S2/CHAW/CSSE LAB/Assignment 2/Y3S2WE35-CSSE/waste_management/backend/routes/dashboardRoutes.js": {"path":"/Users/chaveensewni/Desktop/Y3S2/CHAW/CSSE LAB/Assignment 2/Y3S2WE35-CSSE/waste_management/backend/routes/dashboardRoutes.js","statementMap":{"0":{"start":{"line":2,"column":16},"end":{"line":2,"column":34}},"1":{"start":{"line":3,"column":15},"end":{"line":3,"column":31}},"2":{"start":{"line":4,"column":29},"end":{"line":4,"column":74}},"3":{"start":{"line":7,"column":0},"end":{"line":7,"column":34}},"4":{"start":{"line":9,"column":0},"end":{"line":9,"column":24}}},"fnMap":{},"branchMap":{},"s":{"0":1,"1":1,"2":1,"3":1,"4":1},"f":{},"b":{},"_coverageSchema":"1a1c01bbd47fc00a2c39e90264f33305004495a9","hash":"5bf0336d1c612867908a262ff1231fae1f03bfcf"}
,"/Users/chaveensewni/Desktop/Y3S2/CHAW/CSSE LAB/Assignment 2/Y3S2WE35-CSSE/waste_management/backend/routes/specialCollectionRoutes.js": {"path":"/Users/chaveensewni/Desktop/Y3S2/CHAW/CSSE LAB/Assignment 2/Y3S2WE35-CSSE/waste_management/backend/routes/specialCollectionRoutes.js","statementMap":{"0":{"start":{"line":1,"column":16},"end":{"line":1,"column":34}},"1":{"start":{"line":2,"column":15},"end":{"line":2,"column":31}},"2":{"start":{"line":8,"column":4},"end":{"line":8,"column":57}},"3":{"start":{"line":11,"column":0},"end":{"line":11,"column":47}},"4":{"start":{"line":14,"column":0},"end":{"line":14,"column":33}},"5":{"start":{"line":16,"column":0},"end":{"line":16,"column":36}},"6":{"start":{"line":19,"column":0},"end":{"line":19,"column":52}},"7":{"start":{"line":21,"column":0},"end":{"line":21,"column":24}}},"fnMap":{},"branchMap":{},"s":{"0":1,"1":1,"2":1,"3":1,"4":1,"5":1,"6":1,"7":1},"f":{},"b":{},"_coverageSchema":"1a1c01bbd47fc00a2c39e90264f33305004495a9","hash":"5c0024815e6aa3073ca13dd58ebf846d58e022c3"}
}
