TN:
SF:controllers\specialCollectionController.js
FN:12,(anonymous_0)
FN:31,(anonymous_1)
FN:32,(anonymous_2)
FN:47,(anonymous_3)
FN:78,(anonymous_4)
FNF:5
FNH:5
FNDA:4,(anonymous_0)
FNDA:6,(anonymous_1)
FNDA:48,(anonymous_2)
FNDA:3,(anonymous_3)
FNDA:2,(anonymous_4)
DA:1,1
DA:3,1
DA:8,1
DA:12,1
DA:13,4
DA:14,4
DA:15,1
DA:18,3
DA:19,3
DA:22,3
DA:23,3
DA:26,3
DA:30,2
DA:31,2
DA:32,48
DA:33,6
DA:34,3
DA:38,2
DA:41,1
DA:47,1
DA:49,3
DA:52,3
DA:53,1
DA:56,2
DA:57,2
DA:68,2
DA:69,1
DA:72,1
DA:78,1
DA:79,2
DA:80,2
DA:84,1
DA:86,1
DA:90,1
LF:34
LH:34
BRDA:14,0,0,1
BRDA:14,0,1,3
BRDA:33,1,0,3
BRDA:33,1,1,3
BRDA:52,2,0,1
BRDA:52,2,1,2
BRDA:52,3,0,3
BRDA:52,3,1,3
BRDA:52,3,2,3
BRDA:52,3,3,2
BRDA:52,3,4,2
BRDA:52,3,5,2
BRDA:52,3,6,2
BRF:13
BRH:13
end_of_record
TN:
SF:models\specialCollectionModel.js
FNF:0
FNH:0
DA:1,1
DA:3,1
DA:55,1
DA:57,1
LF:4
LH:4
BRF:0
BRH:0
end_of_record
TN:
SF:routes\specialCollectionRoutes.js
FNF:0
FNH:0
DA:1,1
DA:2,1
DA:3,1
DA:6,1
DA:9,1
DA:11,1
DA:13,1
LF:7
LH:7
BRF:0
BRH:0
end_of_record
