TN:
SF:controllers/binController.js
FN:8,(anonymous_0)
FN:46,(anonymous_1)
FN:59,(anonymous_2)
FN:76,(anonymous_3)
FN:99,(anonymous_4)
FN:129,(anonymous_5)
FN:154,(anonymous_6)
FN:171,(anonymous_7)
FN:177,(anonymous_8)
FN:180,(anonymous_9)
FN:192,(anonymous_10)
FNF:11
FNH:5
FNDA:2,(anonymous_0)
FNDA:1,(anonymous_1)
FNDA:2,(anonymous_2)
FNDA:2,(anonymous_3)
FNDA:2,(anonymous_4)
FNDA:0,(anonymous_5)
FNDA:0,(anonymous_6)
FNDA:0,(anonymous_7)
FNDA:0,(anonymous_8)
FNDA:0,(anonymous_9)
FNDA:0,(anonymous_10)
DA:1,1
DA:2,1
DA:3,1
DA:4,1
DA:8,1
DA:9,2
DA:11,2
DA:13,2
DA:14,2
DA:15,1
DA:19,1
DA:21,1
DA:30,1
DA:33,1
DA:35,1
DA:40,0
DA:46,1
DA:47,1
DA:48,1
DA:51,1
DA:53,0
DA:59,1
DA:60,2
DA:61,2
DA:64,2
DA:69,0
DA:70,0
DA:76,1
DA:77,2
DA:78,2
DA:81,2
DA:82,1
DA:86,1
DA:88,1
DA:93,0
DA:99,1
DA:100,2
DA:101,2
DA:104,2
DA:105,1
DA:108,1
DA:110,1
DA:123,0
DA:129,1
DA:130,0
DA:132,0
DA:133,0
DA:135,0
DA:136,0
DA:137,0
DA:138,0
DA:139,0
DA:140,0
DA:142,0
DA:143,0
DA:145,0
DA:148,0
DA:154,1
DA:155,0
DA:156,0
DA:158,0
DA:159,0
DA:160,0
DA:162,0
DA:165,0
DA:171,1
DA:172,0
DA:173,0
DA:175,0
DA:176,0
DA:177,0
DA:179,0
DA:180,0
DA:181,0
DA:182,0
DA:184,0
DA:187,0
DA:192,0
DA:195,0
DA:199,1
LF:80
LH:41
BRDA:14,0,0,1
BRDA:14,0,1,1
BRDA:27,1,0,1
BRDA:27,1,1,0
BRDA:81,2,0,1
BRDA:81,2,1,1
BRDA:104,3,0,1
BRDA:104,3,1,1
BRDA:135,4,0,0
BRDA:135,4,1,0
BRDA:136,5,0,0
BRDA:136,5,1,0
BRDA:137,6,0,0
BRDA:137,6,1,0
BRDA:138,7,0,0
BRDA:138,7,1,0
BRDA:139,8,0,0
BRDA:139,8,1,0
BRDA:140,9,0,0
BRDA:140,9,1,0
BRDA:158,10,0,0
BRDA:158,10,1,0
BRDA:181,11,0,0
BRDA:181,11,1,0
BRF:24
BRH:7
end_of_record
TN:
SF:controllers/collectionController.js
FN:6,(anonymous_0)
FN:68,(anonymous_1)
FN:90,(anonymous_2)
FN:127,(anonymous_3)
FN:136,(anonymous_4)
FN:137,(anonymous_5)
FN:138,(anonymous_6)
FN:139,(anonymous_7)
FN:140,(anonymous_8)
FN:141,(anonymous_9)
FN:147,(anonymous_10)
FN:152,(anonymous_11)
FN:153,(anonymous_12)
FN:177,(anonymous_13)
FN:221,(anonymous_14)
FN:248,(anonymous_15)
FNF:16
FNH:14
FNDA:5,(anonymous_0)
FNDA:2,(anonymous_1)
FNDA:3,(anonymous_2)
FNDA:3,(anonymous_3)
FNDA:2,(anonymous_4)
FNDA:2,(anonymous_5)
FNDA:2,(anonymous_6)
FNDA:2,(anonymous_7)
FNDA:2,(anonymous_8)
FNDA:2,(anonymous_9)
FNDA:1,(anonymous_10)
FNDA:2,(anonymous_11)
FNDA:2,(anonymous_12)
FNDA:0,(anonymous_13)
FNDA:0,(anonymous_14)
FNDA:2,(anonymous_15)
DA:1,1
DA:2,1
DA:6,1
DA:7,5
DA:8,5
DA:11,5
DA:12,1
DA:19,4
DA:20,1
DA:27,3
DA:32,3
DA:33,1
DA:39,2
DA:47,2
DA:50,1
DA:52,1
DA:57,1
DA:58,1
DA:68,1
DA:69,2
DA:70,2
DA:75,1
DA:80,1
DA:81,1
DA:90,1
DA:91,3
DA:92,3
DA:93,3
DA:95,3
DA:96,3
DA:98,3
DA:104,2
DA:106,2
DA:117,1
DA:118,1
DA:127,1
DA:128,3
DA:129,3
DA:131,3
DA:134,2
DA:136,2
DA:137,2
DA:138,2
DA:139,2
DA:140,2
DA:142,2
DA:147,1
DA:152,2
DA:153,2
DA:154,2
DA:155,2
DA:156,2
DA:158,2
DA:162,2
DA:167,1
DA:168,1
DA:177,1
DA:178,0
DA:179,0
DA:181,0
DA:183,0
DA:184,0
DA:185,0
DA:186,0
DA:187,0
DA:188,0
DA:189,0
DA:192,0
DA:193,0
DA:196,0
DA:197,0
DA:198,0
DA:200,0
DA:205,0
DA:211,0
DA:212,0
DA:221,1
DA:222,0
DA:223,0
DA:225,0
DA:226,0
DA:227,0
DA:232,0
DA:238,0
DA:239,0
DA:248,1
DA:249,2
DA:250,2
DA:252,2
DA:261,2
DA:266,0
DA:267,0
DA:274,1
LF:93
LH:64
BRDA:11,0,0,1
BRDA:11,0,1,4
BRDA:11,1,0,5
BRDA:11,1,1,4
BRDA:11,1,2,4
BRDA:11,1,3,4
BRDA:19,2,0,1
BRDA:19,2,1,3
BRDA:19,3,0,4
BRDA:19,3,1,3
BRDA:32,4,0,1
BRDA:32,4,1,2
BRDA:44,5,0,2
BRDA:44,5,1,0
BRDA:92,6,0,2
BRDA:92,7,0,2
BRDA:96,8,0,1
BRDA:96,8,1,2
BRDA:142,9,0,2
BRDA:142,9,1,1
BRDA:154,10,0,2
BRDA:154,10,1,0
BRDA:155,11,0,2
BRDA:155,11,1,0
BRDA:183,12,0,0
BRDA:183,12,1,0
BRDA:184,13,0,0
BRDA:184,13,1,0
BRDA:185,14,0,0
BRDA:185,14,1,0
BRDA:186,15,0,0
BRDA:186,15,1,0
BRDA:187,16,0,0
BRDA:187,16,1,0
BRDA:188,17,0,0
BRDA:188,17,1,0
BRDA:189,18,0,0
BRDA:189,18,1,0
BRDA:192,19,0,0
BRDA:192,19,1,0
BRDA:192,20,0,0
BRDA:192,20,1,0
BRDA:225,21,0,0
BRDA:225,21,1,0
BRF:44
BRH:21
end_of_record
TN:
SF:controllers/collectorController.js
FN:6,(anonymous_0)
FN:37,(anonymous_1)
FN:95,(anonymous_2)
FN:136,(anonymous_3)
FN:182,(anonymous_4)
FN:227,(anonymous_5)
FN:258,(anonymous_6)
FN:259,(anonymous_7)
FN:261,(anonymous_8)
FNF:9
FNH:9
FNDA:2,(anonymous_0)
FNDA:4,(anonymous_1)
FNDA:4,(anonymous_2)
FNDA:4,(anonymous_3)
FNDA:4,(anonymous_4)
FNDA:3,(anonymous_5)
FNDA:3,(anonymous_6)
FNDA:3,(anonymous_7)
FNDA:3,(anonymous_8)
DA:1,1
DA:2,1
DA:6,1
DA:7,2
DA:8,2
DA:9,2
DA:11,2
DA:12,2
DA:14,2
DA:21,1
DA:27,1
DA:28,1
DA:37,1
DA:38,4
DA:40,4
DA:42,4
DA:45,3
DA:46,1
DA:53,2
DA:54,2
DA:56,2
DA:57,2
DA:60,2
DA:68,2
DA:69,1
DA:76,1
DA:85,1
DA:86,1
DA:95,1
DA:96,4
DA:98,4
DA:99,4
DA:103,4
DA:104,1
DA:110,3
DA:113,3
DA:114,3
DA:117,3
DA:119,2
DA:126,1
DA:127,1
DA:136,1
DA:137,4
DA:139,4
DA:140,4
DA:144,4
DA:145,1
DA:151,3
DA:152,1
DA:158,2
DA:159,2
DA:160,2
DA:161,2
DA:163,2
DA:165,1
DA:172,1
DA:173,1
DA:182,1
DA:183,4
DA:185,4
DA:186,4
DA:190,4
DA:191,1
DA:197,3
DA:198,1
DA:204,2
DA:205,2
DA:206,2
DA:208,2
DA:210,1
DA:217,1
DA:218,1
DA:227,1
DA:228,3
DA:229,3
DA:231,3
DA:232,3
DA:234,3
DA:235,3
DA:238,3
DA:239,3
DA:240,3
DA:243,3
DA:248,2
DA:253,2
DA:255,2
DA:258,3
DA:259,3
DA:261,3
DA:264,2
DA:270,1
DA:271,1
DA:278,1
LF:93
LH:93
BRDA:45,0,0,1
BRDA:45,0,1,2
BRDA:68,1,0,1
BRDA:68,1,1,1
BRDA:103,2,0,1
BRDA:103,2,1,3
BRDA:113,3,0,3
BRDA:113,3,1,0
BRDA:144,4,0,1
BRDA:144,4,1,3
BRDA:151,5,0,1
BRDA:151,5,1,2
BRDA:151,6,0,3
BRDA:151,6,1,3
BRDA:190,7,0,1
BRDA:190,7,1,3
BRDA:197,8,0,1
BRDA:197,8,1,2
BRDA:197,9,0,3
BRDA:197,9,1,2
BRDA:260,10,0,1
BRDA:260,10,1,1
BRF:22
BRH:21
end_of_record
TN:
SF:controllers/dashboardController.js
FN:8,(anonymous_0)
FNF:1
FNH:1
FNDA:3,(anonymous_0)
DA:8,1
DA:9,3
DA:12,3
DA:46,3
DA:49,1
DA:53,1
LF:6
LH:6
BRF:0
BRH:0
end_of_record
TN:
SF:controllers/specialCollectionController.js
FN:12,(anonymous_0)
FN:31,(anonymous_1)
FN:32,(anonymous_2)
FN:47,(anonymous_3)
FN:78,(anonymous_4)
FN:92,(anonymous_5)
FNF:6
FNH:6
FNDA:4,(anonymous_0)
FNDA:6,(anonymous_1)
FNDA:48,(anonymous_2)
FNDA:3,(anonymous_3)
FNDA:2,(anonymous_4)
FNDA:2,(anonymous_5)
DA:1,1
DA:3,1
DA:8,1
DA:12,1
DA:13,4
DA:14,4
DA:15,1
DA:18,3
DA:19,3
DA:22,3
DA:23,3
DA:26,3
DA:30,2
DA:31,2
DA:32,48
DA:33,6
DA:34,3
DA:38,2
DA:41,1
DA:47,1
DA:49,3
DA:52,3
DA:53,1
DA:56,2
DA:57,2
DA:68,2
DA:69,1
DA:72,1
DA:78,1
DA:79,2
DA:80,2
DA:84,1
DA:86,1
DA:92,1
DA:93,2
DA:94,2
DA:97,1
DA:99,1
DA:103,1
LF:39
LH:39
BRDA:14,0,0,1
BRDA:14,0,1,3
BRDA:33,1,0,3
BRDA:33,1,1,3
BRDA:52,2,0,1
BRDA:52,2,1,2
BRDA:52,3,0,3
BRDA:52,3,1,3
BRDA:52,3,2,3
BRDA:52,3,3,2
BRDA:52,3,4,2
BRDA:52,3,5,2
BRDA:52,3,6,2
BRF:13
BRH:13
end_of_record
TN:
SF:models/binModel.js
FN:30,(anonymous_0)
FNF:1
FNH:0
FNDA:0,(anonymous_0)
DA:1,3
DA:3,3
DA:31,0
DA:45,3
DA:46,3
DA:48,3
DA:49,3
LF:7
LH:6
BRF:0
BRH:0
end_of_record
TN:
SF:models/collectionScheduleModel.js
FNF:0
FNH:0
DA:1,2
DA:3,2
DA:56,2
DA:57,2
LF:4
LH:4
BRF:0
BRH:0
end_of_record
TN:
SF:models/specialCollectionModel.js
FNF:0
FNH:0
DA:1,1
DA:3,1
DA:55,1
DA:57,1
LF:4
LH:4
BRF:0
BRH:0
end_of_record
TN:
SF:models/userModel.js
FN:28,(anonymous_0)
FN:37,(anonymous_1)
FNF:2
FNH:0
FNDA:0,(anonymous_0)
FNDA:0,(anonymous_1)
DA:1,1
DA:2,1
DA:4,1
DA:28,1
DA:29,0
DA:30,0
DA:32,0
DA:33,0
DA:37,1
DA:38,0
DA:41,1
DA:43,1
LF:12
LH:7
BRDA:29,0,0,0
BRDA:29,0,1,0
BRF:2
BRH:0
end_of_record
TN:
SF:routes/binRoutes.js
FNF:0
FNH:0
DA:1,1
DA:2,1
DA:12,1
DA:14,1
DA:18,1
DA:21,1
DA:24,1
DA:29,1
DA:32,1
LF:9
LH:9
BRF:0
BRH:0
end_of_record
TN:
SF:routes/collectionRoutes.js
FNF:0
FNH:0
DA:2,1
DA:3,1
DA:12,1
DA:14,1
DA:18,1
DA:21,1
DA:24,1
DA:27,1
DA:31,1
LF:9
LH:9
BRF:0
BRH:0
end_of_record
TN:
SF:routes/collectorRoutes.js
FNF:0
FNH:0
DA:1,1
DA:2,1
DA:10,1
DA:12,1
DA:13,1
DA:14,1
DA:15,1
DA:16,1
DA:17,1
DA:19,1
LF:10
LH:10
BRF:0
BRH:0
end_of_record
TN:
SF:routes/dashboardRoutes.js
FNF:0
FNH:0
DA:2,1
DA:3,1
DA:4,1
DA:7,1
DA:9,1
LF:5
LH:5
BRF:0
BRH:0
end_of_record
TN:
SF:routes/specialCollectionRoutes.js
FNF:0
FNH:0
DA:1,1
DA:2,1
DA:8,1
DA:11,1
DA:14,1
DA:16,1
DA:19,1
DA:21,1
LF:8
LH:8
BRF:0
BRH:0
end_of_record
